make all --print-data-base --no-builtin-variables --no-builtin-rules --question
# GNU Make 3.81
# Copyright (C) 2006  Free Software Foundation, Inc.
# This is free software; see the source for copying conditions.
# There is NO warranty; not even for MERCHANTABILITY or FITNESS FOR A
# PARTICULAR PURPOSE.

# This program built for i386-apple-darwin11.3.0

# Make data base, printed on Mon Dec  6 00:44:11 2021

# Variables

# automatic
<D = $(patsubst %/,%,$(dir $<))
# automatic
?F = $(notdir $?)
# environment
VSCODE_LOG_NATIVE = false
# automatic
?D = $(patsubst %/,%,$(dir $?))
# automatic
@D = $(patsubst %/,%,$(dir $@))
# automatic
@F = $(notdir $@)
# makefile
CURDIR := /Users/ahmaidi/Desktop/ft_printf
# makefile
SHELL = /bin/sh
# makefile (from `Makefile', line 18)
RM = rm -f
# environment
VSCODE_NLS_CONFIG = {"locale":"en-us","availableLanguages":{},"_languagePackSupport":true}
# environment
_ = /usr/bin/make
# makefile (from `Makefile', line 16)
CFLAGS = -Wall -Wextra -Werror
# makefile (from `Makefile', line 1)
MAKEFILE_LIST :=  Makefile
# makefile (from `Makefile', line 15)
SRCS = ft_printf.c ft_putchar.c ft_putstr.c ft_putnbr.c ft_putunbr.c ft_hexa.c ft_addr.c
# environment
VSCODE_VERBOSE_LOGGING = true
# makefile (from `Makefile', line 19)
OBJS = $(SRCS:.c=.o)
# environment
VSCODE_IPC_HOOK_EXTHOST = /var/folders/zz/zyxvpxvq6csfxvn_n0000jyh0004gm/T/vscode-ipc-4a5d7e82-0076-4b57-aba1-9539e6111ef3.sock
# environment
VSCODE_CWD = /
# environment
Apple_PubSub_Socket_Render = /private/tmp/com.apple.launchd.ADwcZmdtSl/Render
# environment
PATH = /Users/ahmaidi/.brew/bin:/usr/local/bin:/usr/bin:/bin:/usr/sbin:/sbin:/usr/local/munki
# environment
LSCOLORS = Gxfxcxdxbxegedabagacad
# makefile (from `Makefile', line 17)
AR = ar rcs
# environment
VSCODE_LOG_STACK = false
# environment
ELECTRON_RUN_AS_NODE = 1
# default
.FEATURES := target-specific order-only second-expansion else-if archives jobserver check-symlink
# environment
SSH_AUTH_SOCK = /private/tmp/com.apple.launchd.iiF8uNdg5M/Listeners
# automatic
%F = $(notdir $%)
# environment
HOMEBREW_TEMP = /tmp/ahmaidi/Homebrew/Temp
# environment
VSCODE_PIPE_LOGGING = true
# environment
PWD = /Users/ahmaidi/Desktop/ft_printf
# environment
ORIGINAL_XDG_CURRENT_DESKTOP = undefined
# environment
VSCODE_AMD_ENTRYPOINT = vs/workbench/services/extensions/node/extensionHostProcess
# environment
HOME = /Users/ahmaidi
# default
MAKEFILEPATH := /Applications/Xcode.app/Contents/Developer/Makefiles
# environment
VSCODE_CODE_CACHE_PATH = /Users/ahmaidi/Library/Application Support/Code/CachedData/ccbaa2d27e38e5afa3e5c21c1c7bef4657064247
# environment
LOGNAME = ahmaidi
# environment
APPLICATION_INSIGHTS_NO_DIAGNOSTIC_CHANNEL = true
# environment
ZSH = /Users/ahmaidi/.oh-my-zsh
# environment
VSCODE_HANDLES_UNCAUGHT_ERRORS = true
# automatic
^D = $(patsubst %/,%,$(dir $^))
# environment
XPC_FLAGS = 0x0
# default
MAKE = $(MAKE_COMMAND)
# default
MAKECMDGOALS := all
# environment
HOMEBREW_CACHE = /tmp/ahmaidi/Homebrew/Caches
# environment
SHLVL = 1
# makefile (from `Makefile', line 14)
CC = gcc
# default
MAKE_VERSION := 3.81
# environment
USER = ahmaidi
# makefile
.DEFAULT_GOAL := all
# makefile (from `Makefile', line 13)
NAME = libftprintf.a
# environment
LESS = -R
# automatic
%D = $(patsubst %/,%,$(dir $%))
# default
MAKE_COMMAND := /Applications/Xcode.app/Contents/Developer/usr/bin/make
# default
.VARIABLES := 
# environment
TMPDIR = /var/folders/zz/zyxvpxvq6csfxvn_n0000jyh0004gm/T/
# automatic
*F = $(notdir $*)
# environment
VSCODE_IPC_HOOK = /Users/ahmaidi/Library/Application Support/Code/1.62.3-main.sock
# makefile
MAKEFLAGS = Rrqp
# environment
MFLAGS = -Rrqp
# automatic
*D = $(patsubst %/,%,$(dir $*))
# environment
XPC_SERVICE_NAME = com.microsoft.VSCode.1960
# automatic
+D = $(patsubst %/,%,$(dir $+))
# automatic
+F = $(notdir $+)
# environment
__CF_USER_TEXT_ENCODING = 0x11F4:0x0:0x0
# default
MAKEFILES := 
# automatic
<F = $(notdir $<)
# environment
PAGER = less
# environment
LC_ALL = C
# automatic
^F = $(notdir $^)
# default
SUFFIXES := 
# default
.INCLUDE_DIRS = /usr/local/include
# environment
MAKELEVEL := 0
# environment
LANG = C
# environment
VSCODE_PID = 73587
# variable set hash-table stats:
# Load=74/1024=7%, Rehash=0, Collisions=9/110=8%

# Pattern-specific Variable Values

# No pattern-specific variable values.

# Directories

# . (device 16777227, inode 698888): 15 files, no impossibilities.

# 15 files, no impossibilities in 1 directories.

# Implicit Rules

# No implicit rules.

# Files

all: libftprintf.a
#  Phony target (prerequisite of .PHONY).
#  Command-line target.
#  Implicit rule search has not been done.
#  File does not exist.
#  File has been updated.
#  Needs to be updated (-q is set).
# variable set hash-table stats:
# Load=0/32=0%, Rehash=0, Collisions=0/5=0%

.PHONY: all clean fclean re
#  Implicit rule search has not been done.
#  Modification time never checked.
#  File has not been updated.

ft_hexa.o: ft_printf.c ft_putchar.c ft_putstr.c ft_putnbr.c ft_putunbr.c ft_hexa.c ft_addr.c
#  Implicit rule search has not been done.
#  Modification time never checked.
#  File has not been updated.
#  commands to execute (from `Makefile', line 23):
	$(CC) $(CFLAGS) -c $(SRCS)
	@echo "files objects created "
	

ft_printf.o: ft_printf.c ft_putchar.c ft_putstr.c ft_putnbr.c ft_putunbr.c ft_hexa.c ft_addr.c
#  Implicit rule search has not been done.
#  Implicit/static pattern stem: `'
#  File does not exist.
#  File has been updated.
#  Needs to be updated (-q is set).
# automatic
# @ := ft_printf.o
# automatic
# % := 
# automatic
# * := 
# automatic
# + := ft_printf.c ft_putchar.c ft_putstr.c ft_putnbr.c ft_putunbr.c ft_hexa.c ft_addr.c
# automatic
# | := 
# automatic
# < := ft_printf.c
# automatic
# ^ := ft_printf.c ft_putchar.c ft_putstr.c ft_putnbr.c ft_putunbr.c ft_hexa.c ft_addr.c
# automatic
# ? := ft_printf.c ft_putchar.c ft_putstr.c ft_putnbr.c ft_putunbr.c ft_hexa.c ft_addr.c
# variable set hash-table stats:
# Load=8/32=25%, Rehash=0, Collisions=1/13=8%
#  commands to execute (from `Makefile', line 23):
	$(CC) $(CFLAGS) -c $(SRCS)
	@echo "files objects created "
	

# Not a target:
.SUFFIXES:
#  Implicit rule search has not been done.
#  Modification time never checked.
#  File has not been updated.

ft_putstr.o: ft_printf.c ft_putchar.c ft_putstr.c ft_putnbr.c ft_putunbr.c ft_hexa.c ft_addr.c
#  Implicit rule search has not been done.
#  Modification time never checked.
#  File has not been updated.
#  commands to execute (from `Makefile', line 23):
	$(CC) $(CFLAGS) -c $(SRCS)
	@echo "files objects created "
	

# Not a target:
Makefile:
#  Implicit rule search has been done.
#  Last modified 2021-12-05 22:34:00
#  File has been updated.
#  Successfully updated.
# variable set hash-table stats:
# Load=0/32=0%, Rehash=0, Collisions=0/0=0%

# Not a target:
ft_putnbr.c:
#  Implicit rule search has been done.
#  Last modified 2021-12-05 19:55:43
#  File has been updated.
#  Successfully updated.
# variable set hash-table stats:
# Load=0/32=0%, Rehash=0, Collisions=0/0=0%

ft_addr.o: ft_printf.c ft_putchar.c ft_putstr.c ft_putnbr.c ft_putunbr.c ft_hexa.c ft_addr.c
#  Implicit rule search has not been done.
#  Modification time never checked.
#  File has not been updated.
#  commands to execute (from `Makefile', line 23):
	$(CC) $(CFLAGS) -c $(SRCS)
	@echo "files objects created "
	

ft_putchar.o: ft_printf.c ft_putchar.c ft_putstr.c ft_putnbr.c ft_putunbr.c ft_hexa.c ft_addr.c
#  Implicit rule search has not been done.
#  Modification time never checked.
#  File has not been updated.
#  commands to execute (from `Makefile', line 23):
	$(CC) $(CFLAGS) -c $(SRCS)
	@echo "files objects created "
	

fclean: clean
#  Phony target (prerequisite of .PHONY).
#  Implicit rule search has not been done.
#  File does not exist.
#  File has not been updated.
#  commands to execute (from `Makefile', line 32):
	$(RM) $(NAME)
	

# Not a target:
ft_hexa.c:
#  Implicit rule search has been done.
#  Last modified 2021-12-06 00:40:49
#  File has been updated.
#  Successfully updated.
# variable set hash-table stats:
# Load=0/32=0%, Rehash=0, Collisions=0/0=0%

# Not a target:
ft_printf.c:
#  Implicit rule search has been done.
#  Last modified 2021-12-05 23:43:01
 
#  File has been updated.
#  Successfully updated.
# variable set hash-table stats:
# Load=0/32=0%, Rehash=0, Collisions=0/0=0%

ft_putunbr.o: ft_printf.c ft_putchar.c ft_putstr.c ft_putnbr.c ft_putunbr.c ft_hexa.c ft_addr.c
#  Implicit rule search has not been done.
#  Modification time never checked.
#  File has not been updated.
#  commands to execute (from `Makefile', line 23):
	$(CC) $(CFLAGS) -c $(SRCS)
	@echo "files objects created "
	

# Not a target:
.DEFAULT:
#  Implicit rule search has not been done.
#  Modification time never checked.
#  File has not been updated.

# Not a target:
ft_putstr.c:
#  Implicit rule search has been done.
#  Last modified 2021-12-05 23:35:24
#  File has been updated.
#  Successfully updated.
# variable set hash-table stats:
# Load=0/32=0%, Rehash=0, Collisions=0/0=0%

re: clean all
#  Phony target (prerequisite of .PHONY).
#  Implicit rule search has not been done.
#  File does not exist.
#  File has not been updated.

clean:
#  Phony target (prerequisite of .PHONY).
#  Implicit rule search has not been done.
#  File does not exist.
#  File has not been updated.
#  commands to execute (from `Makefile', line 29):
	$(RM) $(OBJS)
	

# Not a target:
ft_addr.c:
#  Implicit rule search has been done.
#  Last modified 2021-12-05 22:03:44
#  File has been updated.
#  Successfully updated.
# variable set hash-table stats:
# Load=0/32=0%, Rehash=0, Collisions=0/0=0%

# Not a target:
ft_putchar.c:
#  Implicit rule search has been done.
#  Last modified 2021-12-05 19:55:43
#  File has been updated.
#  Successfully updated.
# variable set hash-table stats:
# Load=0/32=0%, Rehash=0, Collisions=0/0=0%

libftprintf.a: ft_printf.o ft_putchar.o ft_putstr.o ft_putnbr.o ft_putunbr.o ft_hexa.o ft_addr.o
#  Implicit rule search has not been done.
#  File does not exist.
#  File has been updated.
#  Needs to be updated (-q is set).
# variable set hash-table stats:
# Load=0/32=0%, Rehash=0, Collisions=0/5=0%
#  commands to execute (from `Makefile', line 27):
	$(AR) $@ $^
	

# Not a target:
ft_putunbr.c:
#  Implicit rule search has been done.
#  Last modified 2021-12-05 19:55:43
#  File has been updated.
#  Successfully updated.
# variable set hash-table stats:
# Load=0/32=0%, Rehash=0, Collisions=0/0=0%

ft_putnbr.o: ft_printf.c ft_putchar.c ft_putstr.c ft_putnbr.c ft_putunbr.c ft_hexa.c ft_addr.c
#  Implicit rule search has not been done.
#  Modification time never checked.
#  File has not been updated.
#  commands to execute (from `Makefile', line 23):
	$(CC) $(CFLAGS) -c $(SRCS)
	@echo "files objects created "
	

# files hash-table stats:
# Load=23/1024=2%, Rehash=0, Collisions=0/101=0%
# VPATH Search Paths

# No `vpath' search paths.

# No general (`VPATH' variable) search path.

# # of strings in strcache: 1
# # of strcache buffers: 1
# strcache size: total = 4096 / max = 4096 / min = 4096 / avg = 4096
# strcache free: total = 4087 / max = 4087 / min = 4087 / avg = 4087

# Finished Make data base on Mon Dec  6 00:44:11 2021

 
